<?xml version="1.0" encoding="UTF-8"?>
<!-- Generated by org.testng.reporters.JUnitReportReporter -->
<testsuite hostname="LAPTOP-2662QFMI" failures="0" tests="3" name="Automation.SubmitOrderTest" time="56.315" errors="0" timestamp="11 Feb. 2025 17:10:15 GMT" skipped="0">
  <testcase classname="Automation.SubmitOrderTest" name="orderHistoryPage" time="7.861"/>
  <testcase classname="Automation.SubmitOrderTest" name="submitOrder" time="24.188"/>
  <testcase classname="Automation.SubmitOrderTest" name="submitOrder" time="24.266"/>
</testsuite> <!-- Automation.SubmitOrderTest -->
