<?xml version="1.0" encoding="UTF-8"?>
<!-- Generated by org.testng.reporters.JUnitReportReporter -->
<testsuite hostname="LAPTOP-2662QFMI" failures="0" tests="1" name="Cucumber.TestNGTestRunner" time="24.244" errors="0" timestamp="13 Feb. 2025 17:09:23 GMT" skipped="0">
  <testcase classname="Cucumber.TestNGTestRunner" name="runScenario" time="24.244"/>
</testsuite> <!-- Cucumber.TestNGTestRunner -->
