<?xml version="1.0" encoding="UTF-8"?>
<!-- Generated by org.testng.reporters.JUnitReportReporter -->
<testsuite hostname="LAPTOP-2662QFMI" failures="0" tests="2" name="Automation.ErrorValidationTest" time="20.771" errors="0" timestamp="13 Feb 2025 15:06:30 GMT" skipped="0">
  <testcase classname="Automation.ErrorValidationTest" name="loginErrorValidation" time="11.735"/>
  <testcase classname="Automation.ErrorValidationTest" name="productErrorValidation" time="9.036"/>
</testsuite> <!-- Automation.ErrorValidationTest -->
