<?xml version="1.0" encoding="UTF-8"?>
<!-- Generated by org.testng.reporters.JUnitReportReporter -->
<testsuite hostname="LAPTOP-2662QFMI" failures="0" tests="4" name="Automation.SubmitOrderTest" time="71.632" errors="0" timestamp="13 Feb 2025 15:06:30 GMT" skipped="2">
  <testcase classname="Automation.SubmitOrderTest" name="submitOrder" time="24.505"/>
  <testcase classname="Automation.SubmitOrderTest" name="submitOrder" time="35.278">
    <skipped/>
  </testcase> <!-- submitOrder -->
  <testcase classname="Automation.SubmitOrderTest" name="orderHistoryPage" time="0.000">
    <skipped/>
  </testcase> <!-- orderHistoryPage -->
  <testcase classname="Automation.SubmitOrderTest" name="submitOrder" time="11.849"/>
</testsuite> <!-- Automation.SubmitOrderTest -->
